{"numFailedTestSuites":3,"numFailedTests":12,"numPassedTestSuites":8,"numPassedTests":69,"numPendingTestSuites":0,"numPendingTests":0,"numRuntimeErrorTestSuites":1,"numTodoTests":0,"numTotalTestSuites":11,"numTotalTests":81,"openHandles":[],"snapshot":{"added":0,"didUpdate":false,"failure":false,"filesAdded":0,"filesRemoved":0,"filesRemovedList":[],"filesUnmatched":0,"filesUpdated":0,"matched":0,"total":0,"unchecked":0,"uncheckedKeysByFile":[],"unmatched":0,"updated":0},"startTime":1779078273980,"success":false,"testResults":[{"assertionResults":[{"ancestorTitles":["Response Formatter Utilities","successResponse"],"duration":5,"failing":false,"failureDetails":[],"failureMessages":[],"fullName":"Response Formatter Utilities successResponse should format success response with data","invocations":1,"location":null,"numPassingAsserts":2,"retryReasons":[],"startAt":1779078282955,"status":"passed","title":"should format success response with data"},{"ancestorTitles":["Response Formatter Utilities","successResponse"],"duration":1,"failing":false,"failureDetails":[],"failureMessages":[],"fullName":"Response Formatter Utilities successResponse should format success response without message","invocations":1,"location":null,"numPassingAsserts":2,"retryReasons":[],"startAt":1779078282961,"status":"passed","title":"should format success response without message"},{"ancestorTitles":["Response Formatter Utilities","successResponse"],"duration":1,"failing":false,"failureDetails":[],"failureMessages":[],"fullName":"Response Formatter Utilities successResponse should handle empty data object","invocations":1,"location":null,"numPassingAsserts":2,"retryReasons":[],"startAt":1779078282962,"status":"passed","title":"should handle empty data object"},{"ancestorTitles":["Response Formatter Utilities","createdResponse"],"duration":1,"failing":false,"failureDetails":[],"failureMessages":[],"fullName":"Response Formatter Utilities createdResponse should format created response with data","invocations":1,"location":null,"numPassingAsserts":2,"retryReasons":[],"startAt":1779078282963,"status":"passed","title":"should format created response with data"},{"ancestorTitles":["Response Formatter Utilities","createdResponse"],"duration":1,"failing":false,"failureDetails":[],"failureMessages":[],"fullName":"Response Formatter Utilities createdResponse should use default message when not provided","invocations":1,"location":null,"numPassingAsserts":2,"retryReasons":[],"startAt":1779078282964,"status":"passed","title":"should use default message when not provided"},{"ancestorTitles":["Response Formatter Utilities","noContentResponse"],"duration":0,"failing":false,"failureDetails":[],"failureMessages":[],"fullName":"Response Formatter Utilities noContentResponse should send 204 status with no content","invocations":1,"location":null,"numPassingAsserts":2,"retryReasons":[],"startAt":1779078282965,"status":"passed","title":"should send 204 status with no content"},{"ancestorTitles":["Response Formatter Utilities","noContentResponse"],"duration":1,"failing":false,"failureDetails":[],"failureMessages":[],"fullName":"Response Formatter Utilities noContentResponse should not send any JSON data","invocations":1,"location":null,"numPassingAsserts":1,"retryReasons":[],"startAt":1779078282965,"status":"passed","title":"should not send any JSON data"}],"endTime":1779078282967,"message":"","name":"/home/calderaly/Documents/Project/PaperNest/PaperNest_Server_Express/src/__tests__/utils/responseFormatter.test.ts","startTime":1779078275412,"status":"passed","summary":""},{"assertionResults":[{"ancestorTitles":[],"duration":5,"failing":false,"failureDetails":[],"failureMessages":[],"fullName":"apply_diff_edit stage mode includes batch metadata","invocations":1,"location":null,"numPassingAsserts":5,"retryReasons":[],"startAt":1779078283330,"status":"passed","title":"apply_diff_edit stage mode includes batch metadata"}],"endTime":1779078283336,"message":"","name":"/home/calderaly/Documents/Project/PaperNest/PaperNest_Server_Express/src/services/ai/__tests__/executeEditorTool.test.ts","startTime":1779078275461,"status":"passed","summary":""},{"assertionResults":[{"ancestorTitles":[],"duration":5,"failing":false,"failureDetails":[],"failureMessages":[],"fullName":"apply_diff_edit replaces multiple sections by index","invocations":1,"location":null,"numPassingAsserts":2,"retryReasons":[],"startAt":1779078283347,"status":"passed","title":"apply_diff_edit replaces multiple sections by index"},{"ancestorTitles":[],"duration":0,"failing":false,"failureDetails":[],"failureMessages":[],"fullName":"apply_diff_edit fails when array lengths mismatch","invocations":1,"location":null,"numPassingAsserts":1,"retryReasons":[],"startAt":1779078283353,"status":"passed","title":"apply_diff_edit fails when array lengths mismatch"},{"ancestorTitles":[],"duration":1,"failing":false,"failureDetails":[],"failureMessages":[],"fullName":"apply_diff_edit is atomic when one index fails","invocations":1,"location":null,"numPassingAsserts":2,"retryReasons":[],"startAt":1779078283353,"status":"passed","title":"apply_diff_edit is atomic when one index fails"}],"endTime":1779078283355,"message":"","name":"/home/calderaly/Documents/Project/PaperNest/PaperNest_Server_Express/src/services/ai/__tests__/editorTools.test.ts","startTime":1779078275432,"status":"passed","summary":""},{"assertionResults":[{"ancestorTitles":["UserRepository","create"],"duration":6,"failing":false,"failureDetails":[],"failureMessages":[],"fullName":"UserRepository create should create a new user successfully","invocations":1,"location":null,"numPassingAsserts":3,"retryReasons":[],"startAt":1779078283369,"status":"passed","title":"should create a new user successfully"},{"ancestorTitles":["UserRepository","create"],"duration":1,"failing":false,"failureDetails":[],"failureMessages":[],"fullName":"UserRepository create should include optional fields when provided","invocations":1,"location":null,"numPassingAsserts":1,"retryReasons":[],"startAt":1779078283375,"status":"passed","title":"should include optional fields when provided"},{"ancestorTitles":["UserRepository","findById"],"duration":1,"failing":false,"failureDetails":[],"failureMessages":[],"fullName":"UserRepository findById should return user when found","invocations":1,"location":null,"numPassingAsserts":3,"retryReasons":[],"startAt":1779078283376,"status":"passed","title":"should return user when found"},{"ancestorTitles":["UserRepository","findById"],"duration":0,"failing":false,"failureDetails":[],"failureMessages":[],"fullName":"UserRepository findById should return null when user not found","invocations":1,"location":null,"numPassingAsserts":1,"retryReasons":[],"startAt":1779078283377,"status":"passed","title":"should return null when user not found"},{"ancestorTitles":["UserRepository","findByEmail"],"duration":0,"failing":false,"failureDetails":[],"failureMessages":[],"fullName":"UserRepository findByEmail should return user when found by email","invocations":1,"location":null,"numPassingAsserts":2,"retryReasons":[],"startAt":1779078283378,"status":"passed","title":"should return user when found by email"},{"ancestorTitles":["UserRepository","findByEmail"],"duration":0,"failing":false,"failureDetails":[],"failureMessages":[],"fullName":"UserRepository findByEmail should return null when user not found by email","invocations":1,"location":null,"numPassingAsserts":1,"retryReasons":[],"startAt":1779078283379,"status":"passed","title":"should return null when user not found by email"},{"ancestorTitles":["UserRepository","findByUsername"],"duration":0,"failing":false,"failureDetails":[],"failureMessages":[],"fullName":"UserRepository findByUsername should return user when found by username","invocations":1,"location":null,"numPassingAsserts":2,"retryReasons":[],"startAt":1779078283379,"status":"passed","title":"should return user when found by username"},{"ancestorTitles":["UserRepository","findByUsername"],"duration":0,"failing":false,"failureDetails":[],"failureMessages":[],"fullName":"UserRepository findByUsername should return null when user not found by username","invocations":1,"location":null,"numPassingAsserts":1,"retryReasons":[],"startAt":1779078283380,"status":"passed","title":"should return null when user not found by username"},{"ancestorTitles":["UserRepository","update"],"duration":1,"failing":false,"failureDetails":[],"failureMessages":[],"fullName":"UserRepository update should update user successfully","invocations":1,"location":null,"numPassingAsserts":2,"retryReasons":[],"startAt":1779078283380,"status":"passed","title":"should update user successfully"},{"ancestorTitles":["UserRepository","delete"],"duration":0,"failing":false,"failureDetails":[],"failureMessages":[],"fullName":"UserRepository delete should delete user successfully","invocations":1,"location":null,"numPassingAsserts":1,"retryReasons":[],"startAt":1779078283381,"status":"passed","title":"should delete user successfully"},{"ancestorTitles":["UserRepository","search"],"duration":1,"failing":false,"failureDetails":[],"failureMessages":[],"fullName":"UserRepository search should return users matching search query","invocations":1,"location":null,"numPassingAsserts":1,"retryReasons":[],"startAt":1779078283381,"status":"passed","title":"should return users matching search query"},{"ancestorTitles":["UserRepository","search"],"duration":0,"failing":false,"failureDetails":[],"failureMessages":[],"fullName":"UserRepository search should return empty array when no users match","invocations":1,"location":null,"numPassingAsserts":1,"retryReasons":[],"startAt":1779078283382,"status":"passed","title":"should return empty array when no users match"}],"endTime":1779078283383,"message":"","name":"/home/calderaly/Documents/Project/PaperNest/PaperNest_Server_Express/src/__tests__/repositories/userRepository.test.ts","startTime":1779078275416,"status":"passed","summary":""},{"assertionResults":[{"ancestorTitles":["Error Types","AppError"],"duration":3,"failing":false,"failureDetails":[],"failureMessages":[],"fullName":"Error Types AppError should create custom error with message and status code","invocations":1,"location":null,"numPassingAsserts":5,"retryReasons":[],"startAt":1779078283459,"status":"passed","title":"should create custom error with message and status code"},{"ancestorTitles":["Error Types","AppError"],"duration":0,"failing":false,"failureDetails":[],"failureMessages":[],"fullName":"Error Types AppError should be catchable as Error","invocations":1,"location":null,"numPassingAsserts":2,"retryReasons":[],"startAt":1779078283463,"status":"passed","title":"should be catchable as Error"},{"ancestorTitles":["Error Types","BadRequestError"],"duration":1,"failing":false,"failureDetails":[],"failureMessages":[],"fullName":"Error Types BadRequestError should create 400 error with default message","invocations":1,"location":null,"numPassingAsserts":3,"retryReasons":[],"startAt":1779078283463,"status":"passed","title":"should create 400 error with default message"},{"ancestorTitles":["Error Types","BadRequestError"],"duration":0,"failing":false,"failureDetails":[],"failureMessages":[],"fullName":"Error Types BadRequestError should create 400 error with custom message","invocations":1,"location":null,"numPassingAsserts":2,"retryReasons":[],"startAt":1779078283464,"status":"passed","title":"should create 400 error with custom message"},{"ancestorTitles":["Error Types","UnauthorizedError"],"duration":1,"failing":false,"failureDetails":[],"failureMessages":[],"fullName":"Error Types UnauthorizedError should create 401 error with default message","invocations":1,"location":null,"numPassingAsserts":3,"retryReasons":[],"startAt":1779078283464,"status":"passed","title":"should create 401 error with default message"},{"ancestorTitles":["Error Types","UnauthorizedError"],"duration":0,"failing":false,"failureDetails":[],"failureMessages":[],"fullName":"Error Types UnauthorizedError should create 401 error with custom message","invocations":1,"location":null,"numPassingAsserts":2,"retryReasons":[],"startAt":1779078283465,"status":"passed","title":"should create 401 error with custom message"},{"ancestorTitles":["Error Types","ForbiddenError"],"duration":0,"failing":false,"failureDetails":[],"failureMessages":[],"fullName":"Error Types ForbiddenError should create 403 error with default message","invocations":1,"location":null,"numPassingAsserts":3,"retryReasons":[],"startAt":1779078283465,"status":"passed","title":"should create 403 error with default message"},{"ancestorTitles":["Error Types","ForbiddenError"],"duration":1,"failing":false,"failureDetails":[],"failureMessages":[],"fullName":"Error Types ForbiddenError should create 403 error with custom message","invocations":1,"location":null,"numPassingAsserts":2,"retryReasons":[],"startAt":1779078283465,"status":"passed","title":"should create 403 error with custom message"},{"ancestorTitles":["Error Types","NotFoundError"],"duration":0,"failing":false,"failureDetails":[],"failureMessages":[],"fullName":"Error Types NotFoundError should create 404 error with default message","invocations":1,"location":null,"numPassingAsserts":3,"retryReasons":[],"startAt":1779078283466,"status":"passed","title":"should create 404 error with default message"},{"ancestorTitles":["Error Types","NotFoundError"],"duration":1,"failing":false,"failureDetails":[],"failureMessages":[],"fullName":"Error Types NotFoundError should create 404 error with custom message","invocations":1,"location":null,"numPassingAsserts":2,"retryReasons":[],"startAt":1779078283466,"status":"passed","title":"should create 404 error with custom message"},{"ancestorTitles":["Error Types","ConflictError"],"duration":0,"failing":false,"failureDetails":[],"failureMessages":[],"fullName":"Error Types ConflictError should create 409 error with default message","invocations":1,"location":null,"numPassingAsserts":3,"retryReasons":[],"startAt":1779078283467,"status":"passed","title":"should create 409 error with default message"},{"ancestorTitles":["Error Types","ConflictError"],"duration":0,"failing":false,"failureDetails":[],"failureMessages":[],"fullName":"Error Types ConflictError should create 409 error with custom message","invocations":1,"location":null,"numPassingAsserts":2,"retryReasons":[],"startAt":1779078283467,"status":"passed","title":"should create 409 error with custom message"},{"ancestorTitles":["Error Types","Error inheritance"],"duration":1,"failing":false,"failureDetails":[],"failureMessages":[],"fullName":"Error Types Error inheritance should all extend AppError","invocations":1,"location":null,"numPassingAsserts":15,"retryReasons":[],"startAt":1779078283467,"status":"passed","title":"should all extend AppError"},{"ancestorTitles":["Error Types","Error inheritance"],"duration":0,"failing":false,"failureDetails":[],"failureMessages":[],"fullName":"Error Types Error inheritance should have unique status codes","invocations":1,"location":null,"numPassingAsserts":1,"retryReasons":[],"startAt":1779078283468,"status":"passed","title":"should have unique status codes"}],"endTime":1779078283469,"message":"","name":"/home/calderaly/Documents/Project/PaperNest/PaperNest_Server_Express/src/__tests__/utils/errorTypes.test.ts","startTime":1779078275417,"status":"passed","summary":""},{"assertionResults":[{"ancestorTitles":["DocumentRepository","create"],"duration":6,"failing":false,"failureDetails":[],"failureMessages":[],"fullName":"DocumentRepository create should create a new document successfully","invocations":1,"location":null,"numPassingAsserts":4,"retryReasons":[],"startAt":1779078283489,"status":"passed","title":"should create a new document successfully"},{"ancestorTitles":["DocumentRepository","findById"],"duration":1,"failing":false,"failureDetails":[],"failureMessages":[],"fullName":"DocumentRepository findById should return document when found","invocations":1,"location":null,"numPassingAsserts":1,"retryReasons":[],"startAt":1779078283495,"status":"passed","title":"should return document when found"},{"ancestorTitles":["DocumentRepository","findById"],"duration":0,"failing":false,"failureDetails":[],"failureMessages":[],"fullName":"DocumentRepository findById should return null when document not found","invocations":1,"location":null,"numPassingAsserts":1,"retryReasons":[],"startAt":1779078283496,"status":"passed","title":"should return null when document not found"},{"ancestorTitles":["DocumentRepository","findByWorkspace"],"duration":0,"failing":false,"failureDetails":[],"failureMessages":[],"fullName":"DocumentRepository findByWorkspace should return all documents in a workspace","invocations":1,"location":null,"numPassingAsserts":2,"retryReasons":[],"startAt":1779078283497,"status":"passed","title":"should return all documents in a workspace"},{"ancestorTitles":["DocumentRepository","findByWorkspace"],"duration":0,"failing":false,"failureDetails":[],"failureMessages":[],"fullName":"DocumentRepository findByWorkspace should return empty array when no documents found","invocations":1,"location":null,"numPassingAsserts":1,"retryReasons":[],"startAt":1779078283498,"status":"passed","title":"should return empty array when no documents found"},{"ancestorTitles":["DocumentRepository","searchByTitle"],"duration":0,"failing":false,"failureDetails":[],"failureMessages":[],"fullName":"DocumentRepository searchByTitle should return documents matching title search","invocations":1,"location":null,"numPassingAsserts":1,"retryReasons":[],"startAt":1779078283498,"status":"passed","title":"should return documents matching title search"},{"ancestorTitles":["DocumentRepository","searchByTitle"],"duration":1,"failing":false,"failureDetails":[],"failureMessages":[],"fullName":"DocumentRepository searchByTitle should return empty array when no matches found","invocations":1,"location":null,"numPassingAsserts":1,"retryReasons":[],"startAt":1779078283498,"status":"passed","title":"should return empty array when no matches found"},{"ancestorTitles":["DocumentRepository","update"],"duration":0,"failing":false,"failureDetails":[],"failureMessages":[],"fullName":"DocumentRepository update should update document successfully","invocations":1,"location":null,"numPassingAsserts":2,"retryReasons":[],"startAt":1779078283499,"status":"passed","title":"should update document successfully"},{"ancestorTitles":["DocumentRepository","delete"],"duration":1,"failing":false,"failureDetails":[],"failureMessages":[],"fullName":"DocumentRepository delete should delete document successfully","invocations":1,"location":null,"numPassingAsserts":1,"retryReasons":[],"startAt":1779078283499,"status":"passed","title":"should delete document successfully"}],"endTime":1779078283501,"message":"","name":"/home/calderaly/Documents/Project/PaperNest/PaperNest_Server_Express/src/__tests__/repositories/documentRepository.test.ts","startTime":1779078275475,"status":"passed","summary":""},{"assertionResults":[{"ancestorTitles":["Auth Middleware","authenticate"],"duration":7,"failing":false,"failureDetails":[],"failureMessages":[],"fullName":"Auth Middleware authenticate should authenticate with valid JWT token","invocations":1,"location":null,"numPassingAsserts":2,"retryReasons":[],"startAt":1779078283506,"status":"passed","title":"should authenticate with valid JWT token"},{"ancestorTitles":["Auth Middleware","authenticate"],"duration":1,"failing":false,"failureDetails":[],"failureMessages":[],"fullName":"Auth Middleware authenticate should authenticate with valid Firebase token","invocations":1,"location":null,"numPassingAsserts":2,"retryReasons":[],"startAt":1779078283513,"status":"passed","title":"should authenticate with valid Firebase token"},{"ancestorTitles":["Auth Middleware","authenticate"],"duration":1,"failing":false,"failureDetails":[],"failureMessages":[],"fullName":"Auth Middleware authenticate should throw UnauthorizedError when no token provided","invocations":1,"location":null,"numPassingAsserts":3,"retryReasons":[],"startAt":1779078283514,"status":"passed","title":"should throw UnauthorizedError when no token provided"},{"ancestorTitles":["Auth Middleware","authenticate"],"duration":2,"failing":false,"failureDetails":[],"failureMessages":[],"fullName":"Auth Middleware authenticate should throw UnauthorizedError with invalid token","invocations":1,"location":null,"numPassingAsserts":3,"retryReasons":[],"startAt":1779078283515,"status":"passed","title":"should throw UnauthorizedError with invalid token"},{"ancestorTitles":["Auth Middleware","authenticate"],"duration":0,"failing":false,"failureDetails":[],"failureMessages":[],"fullName":"Auth Middleware authenticate should handle Bearer token without prefix","invocations":1,"location":null,"numPassingAsserts":3,"retryReasons":[],"startAt":1779078283517,"status":"passed","title":"should handle Bearer token without prefix"},{"ancestorTitles":["Auth Middleware","optionalAuthenticate"],"duration":1,"failing":false,"failureDetails":[],"failureMessages":[],"fullName":"Auth Middleware optionalAuthenticate should authenticate user when token is provided","invocations":1,"location":null,"numPassingAsserts":2,"retryReasons":[],"startAt":1779078283517,"status":"passed","title":"should authenticate user when token is provided"},{"ancestorTitles":["Auth Middleware","optionalAuthenticate"],"duration":0,"failing":false,"failureDetails":[],"failureMessages":[],"fullName":"Auth Middleware optionalAuthenticate should continue without error when no token provided","invocations":1,"location":null,"numPassingAsserts":2,"retryReasons":[],"startAt":1779078283518,"status":"passed","title":"should continue without error when no token provided"},{"ancestorTitles":["Auth Middleware","generateToken"],"duration":1,"failing":false,"failureDetails":[],"failureMessages":[],"fullName":"Auth Middleware generateToken should generate JWT token with user data","invocations":1,"location":null,"numPassingAsserts":2,"retryReasons":[],"startAt":1779078283518,"status":"passed","title":"should generate JWT token with user data"}],"endTime":1779078283520,"message":"","name":"/home/calderaly/Documents/Project/PaperNest/PaperNest_Server_Express/src/__tests__/middlewares/auth.test.ts","startTime":1779078275423,"status":"passed","summary":""},{"assertionResults":[{"ancestorTitles":["CitationController","createCitation"],"duration":4,"failing":false,"failureDetails":[],"failureMessages":[],"fullName":"CitationController createCitation should create a global citation successfully","invocations":1,"location":null,"numPassingAsserts":3,"retryReasons":[],"startAt":1779078283521,"status":"passed","title":"should create a global citation successfully"},{"ancestorTitles":["CitationController","getCitations"],"duration":1,"failing":false,"failureDetails":[],"failureMessages":[],"fullName":"CitationController getCitations should get all citations for a user with pagination","invocations":1,"location":null,"numPassingAsserts":3,"retryReasons":[],"startAt":1779078283525,"status":"passed","title":"should get all citations for a user with pagination"},{"ancestorTitles":["CitationController","getCitationById"],"duration":0,"failing":false,"failureDetails":[],"failureMessages":[],"fullName":"CitationController getCitationById should get user citation by id successfully","invocations":1,"location":null,"numPassingAsserts":3,"retryReasons":[],"startAt":1779078283526,"status":"passed","title":"should get user citation by id successfully"},{"ancestorTitles":["CitationController","getCitationById"],"duration":1,"failing":false,"failureDetails":[],"failureMessages":[],"fullName":"CitationController getCitationById should throw NotFoundError when citation does not exist or unauthorized","invocations":1,"location":null,"numPassingAsserts":1,"retryReasons":[],"startAt":1779078283526,"status":"passed","title":"should throw NotFoundError when citation does not exist or unauthorized"},{"ancestorTitles":["CitationController","updateCitation"],"duration":0,"failing":false,"failureDetails":[],"failureMessages":[],"fullName":"CitationController updateCitation should update user citation successfully","invocations":1,"location":null,"numPassingAsserts":3,"retryReasons":[],"startAt":1779078283527,"status":"passed","title":"should update user citation successfully"},{"ancestorTitles":["CitationController","deleteCitation"],"duration":1,"failing":false,"failureDetails":[],"failureMessages":[],"fullName":"CitationController deleteCitation should delete user citation successfully","invocations":1,"location":null,"numPassingAsserts":2,"retryReasons":[],"startAt":1779078283527,"status":"passed","title":"should delete user citation successfully"},{"ancestorTitles":["CitationController","searchCitations"],"duration":0,"failing":false,"failureDetails":[],"failureMessages":[],"fullName":"CitationController searchCitations should search user citations by title and author","invocations":1,"location":null,"numPassingAsserts":2,"retryReasons":[],"startAt":1779078283528,"status":"passed","title":"should search user citations by title and author"},{"ancestorTitles":["CitationController","getCitationByDOI"],"duration":1,"failing":false,"failureDetails":[],"failureMessages":[],"fullName":"CitationController getCitationByDOI should find user citation by DOI successfully","invocations":1,"location":null,"numPassingAsserts":3,"retryReasons":[],"startAt":1779078283528,"status":"passed","title":"should find user citation by DOI successfully"}],"endTime":1779078283529,"message":"","name":"/home/calderaly/Documents/Project/PaperNest/PaperNest_Server_Express/src/__tests__/controllers/citationController.test.ts","startTime":1779078275422,"status":"passed","summary":""},{"assertionResults":[{"ancestorTitles":["CitationRepository","createGlobalCitation"],"duration":5,"failing":false,"failureDetails":[],"failureMessages":[],"fullName":"CitationRepository createGlobalCitation should create a new user citation successfully","invocations":1,"location":null,"numPassingAsserts":5,"retryReasons":[],"startAt":1779078283505,"status":"passed","title":"should create a new user citation successfully"},{"ancestorTitles":["CitationRepository","findUserCitationById"],"duration":0,"failing":false,"failureDetails":[],"failureMessages":[],"fullName":"CitationRepository findUserCitationById should return citation when found and owned by user","invocations":1,"location":null,"numPassingAsserts":2,"retryReasons":[],"startAt":1779078283510,"status":"passed","title":"should return citation when found and owned by user"},{"ancestorTitles":["CitationRepository","findUserCitationById"],"duration":1,"failing":false,"failureDetails":[],"failureMessages":[],"fullName":"CitationRepository findUserCitationById should return null when citation not found","invocations":1,"location":null,"numPassingAsserts":1,"retryReasons":[],"startAt":1779078283510,"status":"passed","title":"should return null when citation not found"},{"ancestorTitles":["CitationRepository","findUserCitationById"],"duration":0,"failing":false,"failureDetails":[],"failureMessages":[],"fullName":"CitationRepository findUserCitationById should return null when citation owned by different user","invocations":1,"location":null,"numPassingAsserts":1,"retryReasons":[],"startAt":1779078283511,"status":"passed","title":"should return null when citation owned by different user"},{"ancestorTitles":["CitationRepository","findCitationsByUser"],"duration":1,"failing":false,"failureDetails":[],"failureMessages":[],"fullName":"CitationRepository findCitationsByUser should return all citations for a user","invocations":1,"location":null,"numPassingAsserts":2,"retryReasons":[],"startAt":1779078283511,"status":"passed","title":"should return all citations for a user"},{"ancestorTitles":["CitationRepository","getAllByPagination"],"duration":0,"failing":false,"failureDetails":[{}],"failureMessages":["TypeError: this.collection.where(...).orderBy(...).offset is not a function\n    at CitationRepository.getAllByPagination (/home/calderaly/Documents/Project/PaperNest/PaperNest_Server_Express/src/repositories/citationRepository.ts:63:5)\n    at processTicksAndRejections (node:internal/process/task_queues:104:5)\n    at Object.<anonymous> (/home/calderaly/Documents/Project/PaperNest/PaperNest_Server_Express/src/__tests__/repositories/citationRepository.test.ts:123:19)"],"fullName":"CitationRepository getAllByPagination should paginate correctly","invocations":1,"location":null,"numPassingAsserts":0,"retryReasons":[],"startAt":1779078283512,"status":"failed","title":"should paginate correctly"},{"ancestorTitles":["CitationRepository","findByName"],"duration":1,"failing":false,"failureDetails":[{}],"failureMessages":["TypeError: Cannot read properties of undefined (reading 'empty')\n    at CitationRepository.findByName (/home/calderaly/Documents/Project/PaperNest/PaperNest_Server_Express/src/repositories/citationRepository.ts:104:16)\n    at processTicksAndRejections (node:internal/process/task_queues:104:5)\n    at Object.<anonymous> (/home/calderaly/Documents/Project/PaperNest/PaperNest_Server_Express/src/__tests__/repositories/citationRepository.test.ts:137:19)"],"fullName":"CitationRepository findByName should return citation by exact title","invocations":1,"location":null,"numPassingAsserts":0,"retryReasons":[],"startAt":1779078283520,"status":"failed","title":"should return citation by exact title"},{"ancestorTitles":["CitationRepository","findUserCitationByDoi"],"duration":0,"failing":false,"failureDetails":[{}],"failureMessages":["TypeError: Cannot read properties of undefined (reading 'empty')\n    at CitationRepository.findUserCitationByDoi (/home/calderaly/Documents/Project/PaperNest/PaperNest_Server_Express/src/repositories/citationRepository.ts:203:16)\n    at processTicksAndRejections (node:internal/process/task_queues:104:5)\n    at Object.<anonymous> (/home/calderaly/Documents/Project/PaperNest/PaperNest_Server_Express/src/__tests__/repositories/citationRepository.test.ts:149:19)"],"fullName":"CitationRepository findUserCitationByDoi should return citation when found by DOI","invocations":1,"location":null,"numPassingAsserts":0,"retryReasons":[],"startAt":1779078283521,"status":"failed","title":"should return citation when found by DOI"},{"ancestorTitles":["CitationRepository","updateUserCitation"],"duration":1,"failing":false,"failureDetails":[],"failureMessages":[],"fullName":"CitationRepository updateUserCitation should update citation successfully when owned by user","invocations":1,"location":null,"numPassingAsserts":2,"retryReasons":[],"startAt":1779078283522,"status":"passed","title":"should update citation successfully when owned by user"},{"ancestorTitles":["CitationRepository","deleteUserCitation"],"duration":0,"failing":false,"failureDetails":[],"failureMessages":[],"fullName":"CitationRepository deleteUserCitation should delete citation successfully when owned by user","invocations":1,"location":null,"numPassingAsserts":2,"retryReasons":[],"startAt":1779078283523,"status":"passed","title":"should delete citation successfully when owned by user"}],"endTime":1779078283536,"message":"  ● CitationRepository › getAllByPagination › should paginate correctly\n\n    TypeError: this.collection.where(...).orderBy(...).offset is not a function\n\n      61 | \t\t\t.where(\"userId\", \"==\", userId)\n      62 | \t\t\t.orderBy(\"createdAt\", \"desc\")\n    > 63 | \t\t\t.offset(offset)\n         | \t\t\t ^\n      64 | \t\t\t.limit(limit)\n      65 | \t\t\t.get();\n      66 |\n\n      at CitationRepository.getAllByPagination (src/repositories/citationRepository.ts:63:5)\n      at Object.<anonymous> (src/__tests__/repositories/citationRepository.test.ts:123:19)\n\n  ● CitationRepository › findByName › should return citation by exact title\n\n    TypeError: Cannot read properties of undefined (reading 'empty')\n\n      102 | \t\t\t.get();\n      103 |\n    > 104 | \t\tif (snapshot.empty) {\n          | \t\t             ^\n      105 | \t\t\treturn null;\n      106 | \t\t}\n      107 |\n\n      at CitationRepository.findByName (src/repositories/citationRepository.ts:104:16)\n      at Object.<anonymous> (src/__tests__/repositories/citationRepository.test.ts:137:19)\n\n  ● CitationRepository › findUserCitationByDoi › should return citation when found by DOI\n\n    TypeError: Cannot read properties of undefined (reading 'empty')\n\n      201 | \t\t\t.get();\n      202 |\n    > 203 | \t\tif (snapshot.empty) {\n          | \t\t             ^\n      204 | \t\t\treturn null;\n      205 | \t\t}\n      206 |\n\n      at CitationRepository.findUserCitationByDoi (src/repositories/citationRepository.ts:203:16)\n      at Object.<anonymous> (src/__tests__/repositories/citationRepository.test.ts:149:19)\n","name":"/home/calderaly/Documents/Project/PaperNest/PaperNest_Server_Express/src/__tests__/repositories/citationRepository.test.ts","startTime":1779078275477,"status":"failed","summary":""},{"assertionResults":[{"ancestorTitles":["DocumentController","createDocument"],"duration":2,"failing":false,"failureDetails":[{}],"failureMessages":["Error: LIVEBLOCKS_SECRET_KEY not configured\n    at new LiveblocksWebhookService (/home/calderaly/Documents/Project/PaperNest/PaperNest_Server_Express/src/services/liveblocksWebhookService.ts:12:10)\n    at Object.<anonymous> (/home/calderaly/Documents/Project/PaperNest/PaperNest_Server_Express/src/services/liveblocksWebhookService.ts:90:16)\n    at Runtime._execModule (/home/calderaly/Documents/Project/PaperNest/PaperNest_Server_Express/node_modules/.pnpm/jest-runtime@30.3.0/node_modules/jest-runtime/build/index.js:1264:24)\n    at Runtime._loadModule (/home/calderaly/Documents/Project/PaperNest/PaperNest_Server_Express/node_modules/.pnpm/jest-runtime@30.3.0/node_modules/jest-runtime/build/index.js:940:12)\n    at Runtime.requireModule (/home/calderaly/Documents/Project/PaperNest/PaperNest_Server_Express/node_modules/.pnpm/jest-runtime@30.3.0/node_modules/jest-runtime/build/index.js:828:12)\n    at Runtime._generateMock (/home/calderaly/Documents/Project/PaperNest/PaperNest_Server_Express/node_modules/.pnpm/jest-runtime@30.3.0/node_modules/jest-runtime/build/index.js:1458:34)\n    at Runtime.requireMock (/home/calderaly/Documents/Project/PaperNest/PaperNest_Server_Express/node_modules/.pnpm/jest-runtime@30.3.0/node_modules/jest-runtime/build/index.js:926:39)\n    at Runtime.requireModuleOrMock (/home/calderaly/Documents/Project/PaperNest/PaperNest_Server_Express/node_modules/.pnpm/jest-runtime@30.3.0/node_modules/jest-runtime/build/index.js:958:21)\n    at Object.<anonymous> (/home/calderaly/Documents/Project/PaperNest/PaperNest_Server_Express/src/controllers/documentController.ts:6:1)\n    at Runtime._execModule (/home/calderaly/Documents/Project/PaperNest/PaperNest_Server_Express/node_modules/.pnpm/jest-runtime@30.3.0/node_modules/jest-runtime/build/index.js:1264:24)\n    at Runtime._loadModule (/home/calderaly/Documents/Project/PaperNest/PaperNest_Server_Express/node_modules/.pnpm/jest-runtime@30.3.0/node_modules/jest-runtime/build/index.js:940:12)\n    at Runtime.requireModule (/home/calderaly/Documents/Project/PaperNest/PaperNest_Server_Express/node_modules/.pnpm/jest-runtime@30.3.0/node_modules/jest-runtime/build/index.js:828:12)\n    at Runtime.requireModuleOrMock (/home/calderaly/Documents/Project/PaperNest/PaperNest_Server_Express/node_modules/.pnpm/jest-runtime@30.3.0/node_modules/jest-runtime/build/index.js:960:21)\n    at Object.<anonymous> (/home/calderaly/Documents/Project/PaperNest/PaperNest_Server_Express/src/__tests__/controllers/documentController.test.ts:39:23)\n    at Promise.finally.completed (/home/calderaly/Documents/Project/PaperNest/PaperNest_Server_Express/node_modules/.pnpm/jest-circus@30.3.0/node_modules/jest-circus/build/jestAdapterInit.js:1557:28)\n    at new Promise (<anonymous>)\n    at callAsyncCircusFn (/home/calderaly/Documents/Project/PaperNest/PaperNest_Server_Express/node_modules/.pnpm/jest-circus@30.3.0/node_modules/jest-circus/build/jestAdapterInit.js:1497:10)\n    at _callCircusHook (/home/calderaly/Documents/Project/PaperNest/PaperNest_Server_Express/node_modules/.pnpm/jest-circus@30.3.0/node_modules/jest-circus/build/jestAdapterInit.js:976:40)\n    at processTicksAndRejections (node:internal/process/task_queues:104:5)\n    at _runTestsForDescribeBlock (/home/calderaly/Documents/Project/PaperNest/PaperNest_Server_Express/node_modules/.pnpm/jest-circus@30.3.0/node_modules/jest-circus/build/jestAdapterInit.js:800:7)\n    at run (/home/calderaly/Documents/Project/PaperNest/PaperNest_Server_Express/node_modules/.pnpm/jest-circus@30.3.0/node_modules/jest-circus/build/jestAdapterInit.js:761:3)\n    at runAndTransformResultsToJestFormat (/home/calderaly/Documents/Project/PaperNest/PaperNest_Server_Express/node_modules/.pnpm/jest-circus@30.3.0/node_modules/jest-circus/build/jestAdapterInit.js:1918:21)\n    at jestAdapter (/home/calderaly/Documents/Project/PaperNest/PaperNest_Server_Express/node_modules/.pnpm/jest-circus@30.3.0/node_modules/jest-circus/build/runner.js:101:19)\n    at runTestInternal (/home/calderaly/Documents/Project/PaperNest/PaperNest_Server_Express/node_modules/.pnpm/jest-runner@30.3.0/node_modules/jest-runner/build/testWorker.js:275:16)\n    at runTest (/home/calderaly/Documents/Project/PaperNest/PaperNest_Server_Express/node_modules/.pnpm/jest-runner@30.3.0/node_modules/jest-runner/build/testWorker.js:343:7)\n    at Object.worker (/home/calderaly/Documents/Project/PaperNest/PaperNest_Server_Express/node_modules/.pnpm/jest-runner@30.3.0/node_modules/jest-runner/build/testWorker.js:497:12)"],"fullName":"DocumentController createDocument should create a document with initial version successfully","invocations":1,"location":null,"numPassingAsserts":0,"retryReasons":[],"startAt":1779078283509,"status":"failed","title":"should create a document with initial version successfully"},{"ancestorTitles":["DocumentController","getWorkspaceDocuments"],"duration":0,"failing":false,"failureDetails":[{}],"failureMessages":["Error: LIVEBLOCKS_SECRET_KEY not configured\n    at new LiveblocksWebhookService (/home/calderaly/Documents/Project/PaperNest/PaperNest_Server_Express/src/services/liveblocksWebhookService.ts:12:10)\n    at Object.<anonymous> (/home/calderaly/Documents/Project/PaperNest/PaperNest_Server_Express/src/services/liveblocksWebhookService.ts:90:16)\n    at Runtime._execModule (/home/calderaly/Documents/Project/PaperNest/PaperNest_Server_Express/node_modules/.pnpm/jest-runtime@30.3.0/node_modules/jest-runtime/build/index.js:1264:24)\n    at Runtime._loadModule (/home/calderaly/Documents/Project/PaperNest/PaperNest_Server_Express/node_modules/.pnpm/jest-runtime@30.3.0/node_modules/jest-runtime/build/index.js:940:12)\n    at Runtime.requireModule (/home/calderaly/Documents/Project/PaperNest/PaperNest_Server_Express/node_modules/.pnpm/jest-runtime@30.3.0/node_modules/jest-runtime/build/index.js:828:12)\n    at Runtime._generateMock (/home/calderaly/Documents/Project/PaperNest/PaperNest_Server_Express/node_modules/.pnpm/jest-runtime@30.3.0/node_modules/jest-runtime/build/index.js:1458:34)\n    at Runtime.requireMock (/home/calderaly/Documents/Project/PaperNest/PaperNest_Server_Express/node_modules/.pnpm/jest-runtime@30.3.0/node_modules/jest-runtime/build/index.js:926:39)\n    at Runtime.requireModuleOrMock (/home/calderaly/Documents/Project/PaperNest/PaperNest_Server_Express/node_modules/.pnpm/jest-runtime@30.3.0/node_modules/jest-runtime/build/index.js:958:21)\n    at Object.<anonymous> (/home/calderaly/Documents/Project/PaperNest/PaperNest_Server_Express/src/controllers/documentController.ts:6:1)\n    at Runtime._execModule (/home/calderaly/Documents/Project/PaperNest/PaperNest_Server_Express/node_modules/.pnpm/jest-runtime@30.3.0/node_modules/jest-runtime/build/index.js:1264:24)\n    at Runtime._loadModule (/home/calderaly/Documents/Project/PaperNest/PaperNest_Server_Express/node_modules/.pnpm/jest-runtime@30.3.0/node_modules/jest-runtime/build/index.js:940:12)\n    at Runtime.requireModule (/home/calderaly/Documents/Project/PaperNest/PaperNest_Server_Express/node_modules/.pnpm/jest-runtime@30.3.0/node_modules/jest-runtime/build/index.js:828:12)\n    at Runtime.requireModuleOrMock (/home/calderaly/Documents/Project/PaperNest/PaperNest_Server_Express/node_modules/.pnpm/jest-runtime@30.3.0/node_modules/jest-runtime/build/index.js:960:21)\n    at Object.<anonymous> (/home/calderaly/Documents/Project/PaperNest/PaperNest_Server_Express/src/__tests__/controllers/documentController.test.ts:39:23)\n    at Promise.finally.completed (/home/calderaly/Documents/Project/PaperNest/PaperNest_Server_Express/node_modules/.pnpm/jest-circus@30.3.0/node_modules/jest-circus/build/jestAdapterInit.js:1557:28)\n    at new Promise (<anonymous>)\n    at callAsyncCircusFn (/home/calderaly/Documents/Project/PaperNest/PaperNest_Server_Express/node_modules/.pnpm/jest-circus@30.3.0/node_modules/jest-circus/build/jestAdapterInit.js:1497:10)\n    at _callCircusHook (/home/calderaly/Documents/Project/PaperNest/PaperNest_Server_Express/node_modules/.pnpm/jest-circus@30.3.0/node_modules/jest-circus/build/jestAdapterInit.js:976:40)\n    at processTicksAndRejections (node:internal/process/task_queues:104:5)\n    at _runTestsForDescribeBlock (/home/calderaly/Documents/Project/PaperNest/PaperNest_Server_Express/node_modules/.pnpm/jest-circus@30.3.0/node_modules/jest-circus/build/jestAdapterInit.js:800:7)\n    at run (/home/calderaly/Documents/Project/PaperNest/PaperNest_Server_Express/node_modules/.pnpm/jest-circus@30.3.0/node_modules/jest-circus/build/jestAdapterInit.js:761:3)\n    at runAndTransformResultsToJestFormat (/home/calderaly/Documents/Project/PaperNest/PaperNest_Server_Express/node_modules/.pnpm/jest-circus@30.3.0/node_modules/jest-circus/build/jestAdapterInit.js:1918:21)\n    at jestAdapter (/home/calderaly/Documents/Project/PaperNest/PaperNest_Server_Express/node_modules/.pnpm/jest-circus@30.3.0/node_modules/jest-circus/build/runner.js:101:19)\n    at runTestInternal (/home/calderaly/Documents/Project/PaperNest/PaperNest_Server_Express/node_modules/.pnpm/jest-runner@30.3.0/node_modules/jest-runner/build/testWorker.js:275:16)\n    at runTest (/home/calderaly/Documents/Project/PaperNest/PaperNest_Server_Express/node_modules/.pnpm/jest-runner@30.3.0/node_modules/jest-runner/build/testWorker.js:343:7)\n    at Object.worker (/home/calderaly/Documents/Project/PaperNest/PaperNest_Server_Express/node_modules/.pnpm/jest-runner@30.3.0/node_modules/jest-runner/build/testWorker.js:497:12)"],"fullName":"DocumentController getWorkspaceDocuments should get all documents in workspace","invocations":1,"location":null,"numPassingAsserts":0,"retryReasons":[],"startAt":1779078283521,"status":"failed","title":"should get all documents in workspace"},{"ancestorTitles":["DocumentController","getDocumentById"],"duration":0,"failing":false,"failureDetails":[{}],"failureMessages":["Error: LIVEBLOCKS_SECRET_KEY not configured\n    at new LiveblocksWebhookService (/home/calderaly/Documents/Project/PaperNest/PaperNest_Server_Express/src/services/liveblocksWebhookService.ts:12:10)\n    at Object.<anonymous> (/home/calderaly/Documents/Project/PaperNest/PaperNest_Server_Express/src/services/liveblocksWebhookService.ts:90:16)\n    at Runtime._execModule (/home/calderaly/Documents/Project/PaperNest/PaperNest_Server_Express/node_modules/.pnpm/jest-runtime@30.3.0/node_modules/jest-runtime/build/index.js:1264:24)\n    at Runtime._loadModule (/home/calderaly/Documents/Project/PaperNest/PaperNest_Server_Express/node_modules/.pnpm/jest-runtime@30.3.0/node_modules/jest-runtime/build/index.js:940:12)\n    at Runtime.requireModule (/home/calderaly/Documents/Project/PaperNest/PaperNest_Server_Express/node_modules/.pnpm/jest-runtime@30.3.0/node_modules/jest-runtime/build/index.js:828:12)\n    at Runtime._generateMock (/home/calderaly/Documents/Project/PaperNest/PaperNest_Server_Express/node_modules/.pnpm/jest-runtime@30.3.0/node_modules/jest-runtime/build/index.js:1458:34)\n    at Runtime.requireMock (/home/calderaly/Documents/Project/PaperNest/PaperNest_Server_Express/node_modules/.pnpm/jest-runtime@30.3.0/node_modules/jest-runtime/build/index.js:926:39)\n    at Runtime.requireModuleOrMock (/home/calderaly/Documents/Project/PaperNest/PaperNest_Server_Express/node_modules/.pnpm/jest-runtime@30.3.0/node_modules/jest-runtime/build/index.js:958:21)\n    at Object.<anonymous> (/home/calderaly/Documents/Project/PaperNest/PaperNest_Server_Express/src/controllers/documentController.ts:6:1)\n    at Runtime._execModule (/home/calderaly/Documents/Project/PaperNest/PaperNest_Server_Express/node_modules/.pnpm/jest-runtime@30.3.0/node_modules/jest-runtime/build/index.js:1264:24)\n    at Runtime._loadModule (/home/calderaly/Documents/Project/PaperNest/PaperNest_Server_Express/node_modules/.pnpm/jest-runtime@30.3.0/node_modules/jest-runtime/build/index.js:940:12)\n    at Runtime.requireModule (/home/calderaly/Documents/Project/PaperNest/PaperNest_Server_Express/node_modules/.pnpm/jest-runtime@30.3.0/node_modules/jest-runtime/build/index.js:828:12)\n    at Runtime.requireModuleOrMock (/home/calderaly/Documents/Project/PaperNest/PaperNest_Server_Express/node_modules/.pnpm/jest-runtime@30.3.0/node_modules/jest-runtime/build/index.js:960:21)\n    at Object.<anonymous> (/home/calderaly/Documents/Project/PaperNest/PaperNest_Server_Express/src/__tests__/controllers/documentController.test.ts:39:23)\n    at Promise.finally.completed (/home/calderaly/Documents/Project/PaperNest/PaperNest_Server_Express/node_modules/.pnpm/jest-circus@30.3.0/node_modules/jest-circus/build/jestAdapterInit.js:1557:28)\n    at new Promise (<anonymous>)\n    at callAsyncCircusFn (/home/calderaly/Documents/Project/PaperNest/PaperNest_Server_Express/node_modules/.pnpm/jest-circus@30.3.0/node_modules/jest-circus/build/jestAdapterInit.js:1497:10)\n    at _callCircusHook (/home/calderaly/Documents/Project/PaperNest/PaperNest_Server_Express/node_modules/.pnpm/jest-circus@30.3.0/node_modules/jest-circus/build/jestAdapterInit.js:976:40)\n    at processTicksAndRejections (node:internal/process/task_queues:104:5)\n    at _runTestsForDescribeBlock (/home/calderaly/Documents/Project/PaperNest/PaperNest_Server_Express/node_modules/.pnpm/jest-circus@30.3.0/node_modules/jest-circus/build/jestAdapterInit.js:800:7)\n    at run (/home/calderaly/Documents/Project/PaperNest/PaperNest_Server_Express/node_modules/.pnpm/jest-circus@30.3.0/node_modules/jest-circus/build/jestAdapterInit.js:761:3)\n    at runAndTransformResultsToJestFormat (/home/calderaly/Documents/Project/PaperNest/PaperNest_Server_Express/node_modules/.pnpm/jest-circus@30.3.0/node_modules/jest-circus/build/jestAdapterInit.js:1918:21)\n    at jestAdapter (/home/calderaly/Documents/Project/PaperNest/PaperNest_Server_Express/node_modules/.pnpm/jest-circus@30.3.0/node_modules/jest-circus/build/runner.js:101:19)\n    at runTestInternal (/home/calderaly/Documents/Project/PaperNest/PaperNest_Server_Express/node_modules/.pnpm/jest-runner@30.3.0/node_modules/jest-runner/build/testWorker.js:275:16)\n    at runTest (/home/calderaly/Documents/Project/PaperNest/PaperNest_Server_Express/node_modules/.pnpm/jest-runner@30.3.0/node_modules/jest-runner/build/testWorker.js:343:7)\n    at Object.worker (/home/calderaly/Documents/Project/PaperNest/PaperNest_Server_Express/node_modules/.pnpm/jest-runner@30.3.0/node_modules/jest-runner/build/testWorker.js:497:12)"],"fullName":"DocumentController getDocumentById should get document with current version","invocations":1,"location":null,"numPassingAsserts":0,"retryReasons":[],"startAt":1779078283521,"status":"failed","title":"should get document with current version"},{"ancestorTitles":["DocumentController","getDocumentById"],"duration":0,"failing":false,"failureDetails":[{}],"failureMessages":["Error: LIVEBLOCKS_SECRET_KEY not configured\n    at new LiveblocksWebhookService (/home/calderaly/Documents/Project/PaperNest/PaperNest_Server_Express/src/services/liveblocksWebhookService.ts:12:10)\n    at Object.<anonymous> (/home/calderaly/Documents/Project/PaperNest/PaperNest_Server_Express/src/services/liveblocksWebhookService.ts:90:16)\n    at Runtime._execModule (/home/calderaly/Documents/Project/PaperNest/PaperNest_Server_Express/node_modules/.pnpm/jest-runtime@30.3.0/node_modules/jest-runtime/build/index.js:1264:24)\n    at Runtime._loadModule (/home/calderaly/Documents/Project/PaperNest/PaperNest_Server_Express/node_modules/.pnpm/jest-runtime@30.3.0/node_modules/jest-runtime/build/index.js:940:12)\n    at Runtime.requireModule (/home/calderaly/Documents/Project/PaperNest/PaperNest_Server_Express/node_modules/.pnpm/jest-runtime@30.3.0/node_modules/jest-runtime/build/index.js:828:12)\n    at Runtime._generateMock (/home/calderaly/Documents/Project/PaperNest/PaperNest_Server_Express/node_modules/.pnpm/jest-runtime@30.3.0/node_modules/jest-runtime/build/index.js:1458:34)\n    at Runtime.requireMock (/home/calderaly/Documents/Project/PaperNest/PaperNest_Server_Express/node_modules/.pnpm/jest-runtime@30.3.0/node_modules/jest-runtime/build/index.js:926:39)\n    at Runtime.requireModuleOrMock (/home/calderaly/Documents/Project/PaperNest/PaperNest_Server_Express/node_modules/.pnpm/jest-runtime@30.3.0/node_modules/jest-runtime/build/index.js:958:21)\n    at Object.<anonymous> (/home/calderaly/Documents/Project/PaperNest/PaperNest_Server_Express/src/controllers/documentController.ts:6:1)\n    at Runtime._execModule (/home/calderaly/Documents/Project/PaperNest/PaperNest_Server_Express/node_modules/.pnpm/jest-runtime@30.3.0/node_modules/jest-runtime/build/index.js:1264:24)\n    at Runtime._loadModule (/home/calderaly/Documents/Project/PaperNest/PaperNest_Server_Express/node_modules/.pnpm/jest-runtime@30.3.0/node_modules/jest-runtime/build/index.js:940:12)\n    at Runtime.requireModule (/home/calderaly/Documents/Project/PaperNest/PaperNest_Server_Express/node_modules/.pnpm/jest-runtime@30.3.0/node_modules/jest-runtime/build/index.js:828:12)\n    at Runtime.requireModuleOrMock (/home/calderaly/Documents/Project/PaperNest/PaperNest_Server_Express/node_modules/.pnpm/jest-runtime@30.3.0/node_modules/jest-runtime/build/index.js:960:21)\n    at Object.<anonymous> (/home/calderaly/Documents/Project/PaperNest/PaperNest_Server_Express/src/__tests__/controllers/documentController.test.ts:39:23)\n    at Promise.finally.completed (/home/calderaly/Documents/Project/PaperNest/PaperNest_Server_Express/node_modules/.pnpm/jest-circus@30.3.0/node_modules/jest-circus/build/jestAdapterInit.js:1557:28)\n    at new Promise (<anonymous>)\n    at callAsyncCircusFn (/home/calderaly/Documents/Project/PaperNest/PaperNest_Server_Express/node_modules/.pnpm/jest-circus@30.3.0/node_modules/jest-circus/build/jestAdapterInit.js:1497:10)\n    at _callCircusHook (/home/calderaly/Documents/Project/PaperNest/PaperNest_Server_Express/node_modules/.pnpm/jest-circus@30.3.0/node_modules/jest-circus/build/jestAdapterInit.js:976:40)\n    at processTicksAndRejections (node:internal/process/task_queues:104:5)\n    at _runTestsForDescribeBlock (/home/calderaly/Documents/Project/PaperNest/PaperNest_Server_Express/node_modules/.pnpm/jest-circus@30.3.0/node_modules/jest-circus/build/jestAdapterInit.js:800:7)\n    at run (/home/calderaly/Documents/Project/PaperNest/PaperNest_Server_Express/node_modules/.pnpm/jest-circus@30.3.0/node_modules/jest-circus/build/jestAdapterInit.js:761:3)\n    at runAndTransformResultsToJestFormat (/home/calderaly/Documents/Project/PaperNest/PaperNest_Server_Express/node_modules/.pnpm/jest-circus@30.3.0/node_modules/jest-circus/build/jestAdapterInit.js:1918:21)\n    at jestAdapter (/home/calderaly/Documents/Project/PaperNest/PaperNest_Server_Express/node_modules/.pnpm/jest-circus@30.3.0/node_modules/jest-circus/build/runner.js:101:19)\n    at runTestInternal (/home/calderaly/Documents/Project/PaperNest/PaperNest_Server_Express/node_modules/.pnpm/jest-runner@30.3.0/node_modules/jest-runner/build/testWorker.js:275:16)\n    at runTest (/home/calderaly/Documents/Project/PaperNest/PaperNest_Server_Express/node_modules/.pnpm/jest-runner@30.3.0/node_modules/jest-runner/build/testWorker.js:343:7)\n    at Object.worker (/home/calderaly/Documents/Project/PaperNest/PaperNest_Server_Express/node_modules/.pnpm/jest-runner@30.3.0/node_modules/jest-runner/build/testWorker.js:497:12)"],"fullName":"DocumentController getDocumentById should throw NotFoundError when document does not exist","invocations":1,"location":null,"numPassingAsserts":0,"retryReasons":[],"startAt":1779078283521,"status":"failed","title":"should throw NotFoundError when document does not exist"},{"ancestorTitles":["DocumentController","updateDocument"],"duration":0,"failing":false,"failureDetails":[{}],"failureMessages":["Error: LIVEBLOCKS_SECRET_KEY not configured\n    at new LiveblocksWebhookService (/home/calderaly/Documents/Project/PaperNest/PaperNest_Server_Express/src/services/liveblocksWebhookService.ts:12:10)\n    at Object.<anonymous> (/home/calderaly/Documents/Project/PaperNest/PaperNest_Server_Express/src/services/liveblocksWebhookService.ts:90:16)\n    at Runtime._execModule (/home/calderaly/Documents/Project/PaperNest/PaperNest_Server_Express/node_modules/.pnpm/jest-runtime@30.3.0/node_modules/jest-runtime/build/index.js:1264:24)\n    at Runtime._loadModule (/home/calderaly/Documents/Project/PaperNest/PaperNest_Server_Express/node_modules/.pnpm/jest-runtime@30.3.0/node_modules/jest-runtime/build/index.js:940:12)\n    at Runtime.requireModule (/home/calderaly/Documents/Project/PaperNest/PaperNest_Server_Express/node_modules/.pnpm/jest-runtime@30.3.0/node_modules/jest-runtime/build/index.js:828:12)\n    at Runtime._generateMock (/home/calderaly/Documents/Project/PaperNest/PaperNest_Server_Express/node_modules/.pnpm/jest-runtime@30.3.0/node_modules/jest-runtime/build/index.js:1458:34)\n    at Runtime.requireMock (/home/calderaly/Documents/Project/PaperNest/PaperNest_Server_Express/node_modules/.pnpm/jest-runtime@30.3.0/node_modules/jest-runtime/build/index.js:926:39)\n    at Runtime.requireModuleOrMock (/home/calderaly/Documents/Project/PaperNest/PaperNest_Server_Express/node_modules/.pnpm/jest-runtime@30.3.0/node_modules/jest-runtime/build/index.js:958:21)\n    at Object.<anonymous> (/home/calderaly/Documents/Project/PaperNest/PaperNest_Server_Express/src/controllers/documentController.ts:6:1)\n    at Runtime._execModule (/home/calderaly/Documents/Project/PaperNest/PaperNest_Server_Express/node_modules/.pnpm/jest-runtime@30.3.0/node_modules/jest-runtime/build/index.js:1264:24)\n    at Runtime._loadModule (/home/calderaly/Documents/Project/PaperNest/PaperNest_Server_Express/node_modules/.pnpm/jest-runtime@30.3.0/node_modules/jest-runtime/build/index.js:940:12)\n    at Runtime.requireModule (/home/calderaly/Documents/Project/PaperNest/PaperNest_Server_Express/node_modules/.pnpm/jest-runtime@30.3.0/node_modules/jest-runtime/build/index.js:828:12)\n    at Runtime.requireModuleOrMock (/home/calderaly/Documents/Project/PaperNest/PaperNest_Server_Express/node_modules/.pnpm/jest-runtime@30.3.0/node_modules/jest-runtime/build/index.js:960:21)\n    at Object.<anonymous> (/home/calderaly/Documents/Project/PaperNest/PaperNest_Server_Express/src/__tests__/controllers/documentController.test.ts:39:23)\n    at Promise.finally.completed (/home/calderaly/Documents/Project/PaperNest/PaperNest_Server_Express/node_modules/.pnpm/jest-circus@30.3.0/node_modules/jest-circus/build/jestAdapterInit.js:1557:28)\n    at new Promise (<anonymous>)\n    at callAsyncCircusFn (/home/calderaly/Documents/Project/PaperNest/PaperNest_Server_Express/node_modules/.pnpm/jest-circus@30.3.0/node_modules/jest-circus/build/jestAdapterInit.js:1497:10)\n    at _callCircusHook (/home/calderaly/Documents/Project/PaperNest/PaperNest_Server_Express/node_modules/.pnpm/jest-circus@30.3.0/node_modules/jest-circus/build/jestAdapterInit.js:976:40)\n    at processTicksAndRejections (node:internal/process/task_queues:104:5)\n    at _runTestsForDescribeBlock (/home/calderaly/Documents/Project/PaperNest/PaperNest_Server_Express/node_modules/.pnpm/jest-circus@30.3.0/node_modules/jest-circus/build/jestAdapterInit.js:800:7)\n    at run (/home/calderaly/Documents/Project/PaperNest/PaperNest_Server_Express/node_modules/.pnpm/jest-circus@30.3.0/node_modules/jest-circus/build/jestAdapterInit.js:761:3)\n    at runAndTransformResultsToJestFormat (/home/calderaly/Documents/Project/PaperNest/PaperNest_Server_Express/node_modules/.pnpm/jest-circus@30.3.0/node_modules/jest-circus/build/jestAdapterInit.js:1918:21)\n    at jestAdapter (/home/calderaly/Documents/Project/PaperNest/PaperNest_Server_Express/node_modules/.pnpm/jest-circus@30.3.0/node_modules/jest-circus/build/runner.js:101:19)\n    at runTestInternal (/home/calderaly/Documents/Project/PaperNest/PaperNest_Server_Express/node_modules/.pnpm/jest-runner@30.3.0/node_modules/jest-runner/build/testWorker.js:275:16)\n    at runTest (/home/calderaly/Documents/Project/PaperNest/PaperNest_Server_Express/node_modules/.pnpm/jest-runner@30.3.0/node_modules/jest-runner/build/testWorker.js:343:7)\n    at Object.worker (/home/calderaly/Documents/Project/PaperNest/PaperNest_Server_Express/node_modules/.pnpm/jest-runner@30.3.0/node_modules/jest-runner/build/testWorker.js:497:12)"],"fullName":"DocumentController updateDocument should update document title successfully","invocations":1,"location":null,"numPassingAsserts":0,"retryReasons":[],"startAt":1779078283521,"status":"failed","title":"should update document title successfully"},{"ancestorTitles":["DocumentController","updateDocumentContent"],"duration":0,"failing":false,"failureDetails":[{}],"failureMessages":["Error: LIVEBLOCKS_SECRET_KEY not configured\n    at new LiveblocksWebhookService (/home/calderaly/Documents/Project/PaperNest/PaperNest_Server_Express/src/services/liveblocksWebhookService.ts:12:10)\n    at Object.<anonymous> (/home/calderaly/Documents/Project/PaperNest/PaperNest_Server_Express/src/services/liveblocksWebhookService.ts:90:16)\n    at Runtime._execModule (/home/calderaly/Documents/Project/PaperNest/PaperNest_Server_Express/node_modules/.pnpm/jest-runtime@30.3.0/node_modules/jest-runtime/build/index.js:1264:24)\n    at Runtime._loadModule (/home/calderaly/Documents/Project/PaperNest/PaperNest_Server_Express/node_modules/.pnpm/jest-runtime@30.3.0/node_modules/jest-runtime/build/index.js:940:12)\n    at Runtime.requireModule (/home/calderaly/Documents/Project/PaperNest/PaperNest_Server_Express/node_modules/.pnpm/jest-runtime@30.3.0/node_modules/jest-runtime/build/index.js:828:12)\n    at Runtime._generateMock (/home/calderaly/Documents/Project/PaperNest/PaperNest_Server_Express/node_modules/.pnpm/jest-runtime@30.3.0/node_modules/jest-runtime/build/index.js:1458:34)\n    at Runtime.requireMock (/home/calderaly/Documents/Project/PaperNest/PaperNest_Server_Express/node_modules/.pnpm/jest-runtime@30.3.0/node_modules/jest-runtime/build/index.js:926:39)\n    at Runtime.requireModuleOrMock (/home/calderaly/Documents/Project/PaperNest/PaperNest_Server_Express/node_modules/.pnpm/jest-runtime@30.3.0/node_modules/jest-runtime/build/index.js:958:21)\n    at Object.<anonymous> (/home/calderaly/Documents/Project/PaperNest/PaperNest_Server_Express/src/controllers/documentController.ts:6:1)\n    at Runtime._execModule (/home/calderaly/Documents/Project/PaperNest/PaperNest_Server_Express/node_modules/.pnpm/jest-runtime@30.3.0/node_modules/jest-runtime/build/index.js:1264:24)\n    at Runtime._loadModule (/home/calderaly/Documents/Project/PaperNest/PaperNest_Server_Express/node_modules/.pnpm/jest-runtime@30.3.0/node_modules/jest-runtime/build/index.js:940:12)\n    at Runtime.requireModule (/home/calderaly/Documents/Project/PaperNest/PaperNest_Server_Express/node_modules/.pnpm/jest-runtime@30.3.0/node_modules/jest-runtime/build/index.js:828:12)\n    at Runtime.requireModuleOrMock (/home/calderaly/Documents/Project/PaperNest/PaperNest_Server_Express/node_modules/.pnpm/jest-runtime@30.3.0/node_modules/jest-runtime/build/index.js:960:21)\n    at Object.<anonymous> (/home/calderaly/Documents/Project/PaperNest/PaperNest_Server_Express/src/__tests__/controllers/documentController.test.ts:39:23)\n    at Promise.finally.completed (/home/calderaly/Documents/Project/PaperNest/PaperNest_Server_Express/node_modules/.pnpm/jest-circus@30.3.0/node_modules/jest-circus/build/jestAdapterInit.js:1557:28)\n    at new Promise (<anonymous>)\n    at callAsyncCircusFn (/home/calderaly/Documents/Project/PaperNest/PaperNest_Server_Express/node_modules/.pnpm/jest-circus@30.3.0/node_modules/jest-circus/build/jestAdapterInit.js:1497:10)\n    at _callCircusHook (/home/calderaly/Documents/Project/PaperNest/PaperNest_Server_Express/node_modules/.pnpm/jest-circus@30.3.0/node_modules/jest-circus/build/jestAdapterInit.js:976:40)\n    at processTicksAndRejections (node:internal/process/task_queues:104:5)\n    at _runTestsForDescribeBlock (/home/calderaly/Documents/Project/PaperNest/PaperNest_Server_Express/node_modules/.pnpm/jest-circus@30.3.0/node_modules/jest-circus/build/jestAdapterInit.js:800:7)\n    at run (/home/calderaly/Documents/Project/PaperNest/PaperNest_Server_Express/node_modules/.pnpm/jest-circus@30.3.0/node_modules/jest-circus/build/jestAdapterInit.js:761:3)\n    at runAndTransformResultsToJestFormat (/home/calderaly/Documents/Project/PaperNest/PaperNest_Server_Express/node_modules/.pnpm/jest-circus@30.3.0/node_modules/jest-circus/build/jestAdapterInit.js:1918:21)\n    at jestAdapter (/home/calderaly/Documents/Project/PaperNest/PaperNest_Server_Express/node_modules/.pnpm/jest-circus@30.3.0/node_modules/jest-circus/build/runner.js:101:19)\n    at runTestInternal (/home/calderaly/Documents/Project/PaperNest/PaperNest_Server_Express/node_modules/.pnpm/jest-runner@30.3.0/node_modules/jest-runner/build/testWorker.js:275:16)\n    at runTest (/home/calderaly/Documents/Project/PaperNest/PaperNest_Server_Express/node_modules/.pnpm/jest-runner@30.3.0/node_modules/jest-runner/build/testWorker.js:343:7)\n    at Object.worker (/home/calderaly/Documents/Project/PaperNest/PaperNest_Server_Express/node_modules/.pnpm/jest-runner@30.3.0/node_modules/jest-runner/build/testWorker.js:497:12)"],"fullName":"DocumentController updateDocumentContent should create new version when updating content","invocations":1,"location":null,"numPassingAsserts":0,"retryReasons":[],"startAt":1779078283521,"status":"failed","title":"should create new version when updating content"},{"ancestorTitles":["DocumentController","deleteDocument"],"duration":0,"failing":false,"failureDetails":[{}],"failureMessages":["Error: LIVEBLOCKS_SECRET_KEY not configured\n    at new LiveblocksWebhookService (/home/calderaly/Documents/Project/PaperNest/PaperNest_Server_Express/src/services/liveblocksWebhookService.ts:12:10)\n    at Object.<anonymous> (/home/calderaly/Documents/Project/PaperNest/PaperNest_Server_Express/src/services/liveblocksWebhookService.ts:90:16)\n    at Runtime._execModule (/home/calderaly/Documents/Project/PaperNest/PaperNest_Server_Express/node_modules/.pnpm/jest-runtime@30.3.0/node_modules/jest-runtime/build/index.js:1264:24)\n    at Runtime._loadModule (/home/calderaly/Documents/Project/PaperNest/PaperNest_Server_Express/node_modules/.pnpm/jest-runtime@30.3.0/node_modules/jest-runtime/build/index.js:940:12)\n    at Runtime.requireModule (/home/calderaly/Documents/Project/PaperNest/PaperNest_Server_Express/node_modules/.pnpm/jest-runtime@30.3.0/node_modules/jest-runtime/build/index.js:828:12)\n    at Runtime._generateMock (/home/calderaly/Documents/Project/PaperNest/PaperNest_Server_Express/node_modules/.pnpm/jest-runtime@30.3.0/node_modules/jest-runtime/build/index.js:1458:34)\n    at Runtime.requireMock (/home/calderaly/Documents/Project/PaperNest/PaperNest_Server_Express/node_modules/.pnpm/jest-runtime@30.3.0/node_modules/jest-runtime/build/index.js:926:39)\n    at Runtime.requireModuleOrMock (/home/calderaly/Documents/Project/PaperNest/PaperNest_Server_Express/node_modules/.pnpm/jest-runtime@30.3.0/node_modules/jest-runtime/build/index.js:958:21)\n    at Object.<anonymous> (/home/calderaly/Documents/Project/PaperNest/PaperNest_Server_Express/src/controllers/documentController.ts:6:1)\n    at Runtime._execModule (/home/calderaly/Documents/Project/PaperNest/PaperNest_Server_Express/node_modules/.pnpm/jest-runtime@30.3.0/node_modules/jest-runtime/build/index.js:1264:24)\n    at Runtime._loadModule (/home/calderaly/Documents/Project/PaperNest/PaperNest_Server_Express/node_modules/.pnpm/jest-runtime@30.3.0/node_modules/jest-runtime/build/index.js:940:12)\n    at Runtime.requireModule (/home/calderaly/Documents/Project/PaperNest/PaperNest_Server_Express/node_modules/.pnpm/jest-runtime@30.3.0/node_modules/jest-runtime/build/index.js:828:12)\n    at Runtime.requireModuleOrMock (/home/calderaly/Documents/Project/PaperNest/PaperNest_Server_Express/node_modules/.pnpm/jest-runtime@30.3.0/node_modules/jest-runtime/build/index.js:960:21)\n    at Object.<anonymous> (/home/calderaly/Documents/Project/PaperNest/PaperNest_Server_Express/src/__tests__/controllers/documentController.test.ts:39:23)\n    at Promise.finally.completed (/home/calderaly/Documents/Project/PaperNest/PaperNest_Server_Express/node_modules/.pnpm/jest-circus@30.3.0/node_modules/jest-circus/build/jestAdapterInit.js:1557:28)\n    at new Promise (<anonymous>)\n    at callAsyncCircusFn (/home/calderaly/Documents/Project/PaperNest/PaperNest_Server_Express/node_modules/.pnpm/jest-circus@30.3.0/node_modules/jest-circus/build/jestAdapterInit.js:1497:10)\n    at _callCircusHook (/home/calderaly/Documents/Project/PaperNest/PaperNest_Server_Express/node_modules/.pnpm/jest-circus@30.3.0/node_modules/jest-circus/build/jestAdapterInit.js:976:40)\n    at processTicksAndRejections (node:internal/process/task_queues:104:5)\n    at _runTestsForDescribeBlock (/home/calderaly/Documents/Project/PaperNest/PaperNest_Server_Express/node_modules/.pnpm/jest-circus@30.3.0/node_modules/jest-circus/build/jestAdapterInit.js:800:7)\n    at run (/home/calderaly/Documents/Project/PaperNest/PaperNest_Server_Express/node_modules/.pnpm/jest-circus@30.3.0/node_modules/jest-circus/build/jestAdapterInit.js:761:3)\n    at runAndTransformResultsToJestFormat (/home/calderaly/Documents/Project/PaperNest/PaperNest_Server_Express/node_modules/.pnpm/jest-circus@30.3.0/node_modules/jest-circus/build/jestAdapterInit.js:1918:21)\n    at jestAdapter (/home/calderaly/Documents/Project/PaperNest/PaperNest_Server_Express/node_modules/.pnpm/jest-circus@30.3.0/node_modules/jest-circus/build/runner.js:101:19)\n    at runTestInternal (/home/calderaly/Documents/Project/PaperNest/PaperNest_Server_Express/node_modules/.pnpm/jest-runner@30.3.0/node_modules/jest-runner/build/testWorker.js:275:16)\n    at runTest (/home/calderaly/Documents/Project/PaperNest/PaperNest_Server_Express/node_modules/.pnpm/jest-runner@30.3.0/node_modules/jest-runner/build/testWorker.js:343:7)\n    at Object.worker (/home/calderaly/Documents/Project/PaperNest/PaperNest_Server_Express/node_modules/.pnpm/jest-runner@30.3.0/node_modules/jest-runner/build/testWorker.js:497:12)"],"fullName":"DocumentController deleteDocument should delete document successfully","invocations":1,"location":null,"numPassingAsserts":0,"retryReasons":[],"startAt":1779078283521,"status":"failed","title":"should delete document successfully"},{"ancestorTitles":["DocumentController","searchDocuments"],"duration":0,"failing":false,"failureDetails":[{}],"failureMessages":["Error: LIVEBLOCKS_SECRET_KEY not configured\n    at new LiveblocksWebhookService (/home/calderaly/Documents/Project/PaperNest/PaperNest_Server_Express/src/services/liveblocksWebhookService.ts:12:10)\n    at Object.<anonymous> (/home/calderaly/Documents/Project/PaperNest/PaperNest_Server_Express/src/services/liveblocksWebhookService.ts:90:16)\n    at Runtime._execModule (/home/calderaly/Documents/Project/PaperNest/PaperNest_Server_Express/node_modules/.pnpm/jest-runtime@30.3.0/node_modules/jest-runtime/build/index.js:1264:24)\n    at Runtime._loadModule (/home/calderaly/Documents/Project/PaperNest/PaperNest_Server_Express/node_modules/.pnpm/jest-runtime@30.3.0/node_modules/jest-runtime/build/index.js:940:12)\n    at Runtime.requireModule (/home/calderaly/Documents/Project/PaperNest/PaperNest_Server_Express/node_modules/.pnpm/jest-runtime@30.3.0/node_modules/jest-runtime/build/index.js:828:12)\n    at Runtime._generateMock (/home/calderaly/Documents/Project/PaperNest/PaperNest_Server_Express/node_modules/.pnpm/jest-runtime@30.3.0/node_modules/jest-runtime/build/index.js:1458:34)\n    at Runtime.requireMock (/home/calderaly/Documents/Project/PaperNest/PaperNest_Server_Express/node_modules/.pnpm/jest-runtime@30.3.0/node_modules/jest-runtime/build/index.js:926:39)\n    at Runtime.requireModuleOrMock (/home/calderaly/Documents/Project/PaperNest/PaperNest_Server_Express/node_modules/.pnpm/jest-runtime@30.3.0/node_modules/jest-runtime/build/index.js:958:21)\n    at Object.<anonymous> (/home/calderaly/Documents/Project/PaperNest/PaperNest_Server_Express/src/controllers/documentController.ts:6:1)\n    at Runtime._execModule (/home/calderaly/Documents/Project/PaperNest/PaperNest_Server_Express/node_modules/.pnpm/jest-runtime@30.3.0/node_modules/jest-runtime/build/index.js:1264:24)\n    at Runtime._loadModule (/home/calderaly/Documents/Project/PaperNest/PaperNest_Server_Express/node_modules/.pnpm/jest-runtime@30.3.0/node_modules/jest-runtime/build/index.js:940:12)\n    at Runtime.requireModule (/home/calderaly/Documents/Project/PaperNest/PaperNest_Server_Express/node_modules/.pnpm/jest-runtime@30.3.0/node_modules/jest-runtime/build/index.js:828:12)\n    at Runtime.requireModuleOrMock (/home/calderaly/Documents/Project/PaperNest/PaperNest_Server_Express/node_modules/.pnpm/jest-runtime@30.3.0/node_modules/jest-runtime/build/index.js:960:21)\n    at Object.<anonymous> (/home/calderaly/Documents/Project/PaperNest/PaperNest_Server_Express/src/__tests__/controllers/documentController.test.ts:39:23)\n    at Promise.finally.completed (/home/calderaly/Documents/Project/PaperNest/PaperNest_Server_Express/node_modules/.pnpm/jest-circus@30.3.0/node_modules/jest-circus/build/jestAdapterInit.js:1557:28)\n    at new Promise (<anonymous>)\n    at callAsyncCircusFn (/home/calderaly/Documents/Project/PaperNest/PaperNest_Server_Express/node_modules/.pnpm/jest-circus@30.3.0/node_modules/jest-circus/build/jestAdapterInit.js:1497:10)\n    at _callCircusHook (/home/calderaly/Documents/Project/PaperNest/PaperNest_Server_Express/node_modules/.pnpm/jest-circus@30.3.0/node_modules/jest-circus/build/jestAdapterInit.js:976:40)\n    at processTicksAndRejections (node:internal/process/task_queues:104:5)\n    at _runTestsForDescribeBlock (/home/calderaly/Documents/Project/PaperNest/PaperNest_Server_Express/node_modules/.pnpm/jest-circus@30.3.0/node_modules/jest-circus/build/jestAdapterInit.js:800:7)\n    at run (/home/calderaly/Documents/Project/PaperNest/PaperNest_Server_Express/node_modules/.pnpm/jest-circus@30.3.0/node_modules/jest-circus/build/jestAdapterInit.js:761:3)\n    at runAndTransformResultsToJestFormat (/home/calderaly/Documents/Project/PaperNest/PaperNest_Server_Express/node_modules/.pnpm/jest-circus@30.3.0/node_modules/jest-circus/build/jestAdapterInit.js:1918:21)\n    at jestAdapter (/home/calderaly/Documents/Project/PaperNest/PaperNest_Server_Express/node_modules/.pnpm/jest-circus@30.3.0/node_modules/jest-circus/build/runner.js:101:19)\n    at runTestInternal (/home/calderaly/Documents/Project/PaperNest/PaperNest_Server_Express/node_modules/.pnpm/jest-runner@30.3.0/node_modules/jest-runner/build/testWorker.js:275:16)\n    at runTest (/home/calderaly/Documents/Project/PaperNest/PaperNest_Server_Express/node_modules/.pnpm/jest-runner@30.3.0/node_modules/jest-runner/build/testWorker.js:343:7)\n    at Object.worker (/home/calderaly/Documents/Project/PaperNest/PaperNest_Server_Express/node_modules/.pnpm/jest-runner@30.3.0/node_modules/jest-runner/build/testWorker.js:497:12)"],"fullName":"DocumentController searchDocuments should search documents by title","invocations":1,"location":null,"numPassingAsserts":0,"retryReasons":[],"startAt":1779078283521,"status":"failed","title":"should search documents by title"},{"ancestorTitles":["DocumentController","getUserDocuments"],"duration":0,"failing":false,"failureDetails":[{}],"failureMessages":["Error: LIVEBLOCKS_SECRET_KEY not configured\n    at new LiveblocksWebhookService (/home/calderaly/Documents/Project/PaperNest/PaperNest_Server_Express/src/services/liveblocksWebhookService.ts:12:10)\n    at Object.<anonymous> (/home/calderaly/Documents/Project/PaperNest/PaperNest_Server_Express/src/services/liveblocksWebhookService.ts:90:16)\n    at Runtime._execModule (/home/calderaly/Documents/Project/PaperNest/PaperNest_Server_Express/node_modules/.pnpm/jest-runtime@30.3.0/node_modules/jest-runtime/build/index.js:1264:24)\n    at Runtime._loadModule (/home/calderaly/Documents/Project/PaperNest/PaperNest_Server_Express/node_modules/.pnpm/jest-runtime@30.3.0/node_modules/jest-runtime/build/index.js:940:12)\n    at Runtime.requireModule (/home/calderaly/Documents/Project/PaperNest/PaperNest_Server_Express/node_modules/.pnpm/jest-runtime@30.3.0/node_modules/jest-runtime/build/index.js:828:12)\n    at Runtime._generateMock (/home/calderaly/Documents/Project/PaperNest/PaperNest_Server_Express/node_modules/.pnpm/jest-runtime@30.3.0/node_modules/jest-runtime/build/index.js:1458:34)\n    at Runtime.requireMock (/home/calderaly/Documents/Project/PaperNest/PaperNest_Server_Express/node_modules/.pnpm/jest-runtime@30.3.0/node_modules/jest-runtime/build/index.js:926:39)\n    at Runtime.requireModuleOrMock (/home/calderaly/Documents/Project/PaperNest/PaperNest_Server_Express/node_modules/.pnpm/jest-runtime@30.3.0/node_modules/jest-runtime/build/index.js:958:21)\n    at Object.<anonymous> (/home/calderaly/Documents/Project/PaperNest/PaperNest_Server_Express/src/controllers/documentController.ts:6:1)\n    at Runtime._execModule (/home/calderaly/Documents/Project/PaperNest/PaperNest_Server_Express/node_modules/.pnpm/jest-runtime@30.3.0/node_modules/jest-runtime/build/index.js:1264:24)\n    at Runtime._loadModule (/home/calderaly/Documents/Project/PaperNest/PaperNest_Server_Express/node_modules/.pnpm/jest-runtime@30.3.0/node_modules/jest-runtime/build/index.js:940:12)\n    at Runtime.requireModule (/home/calderaly/Documents/Project/PaperNest/PaperNest_Server_Express/node_modules/.pnpm/jest-runtime@30.3.0/node_modules/jest-runtime/build/index.js:828:12)\n    at Runtime.requireModuleOrMock (/home/calderaly/Documents/Project/PaperNest/PaperNest_Server_Express/node_modules/.pnpm/jest-runtime@30.3.0/node_modules/jest-runtime/build/index.js:960:21)\n    at Object.<anonymous> (/home/calderaly/Documents/Project/PaperNest/PaperNest_Server_Express/src/__tests__/controllers/documentController.test.ts:39:23)\n    at Promise.finally.completed (/home/calderaly/Documents/Project/PaperNest/PaperNest_Server_Express/node_modules/.pnpm/jest-circus@30.3.0/node_modules/jest-circus/build/jestAdapterInit.js:1557:28)\n    at new Promise (<anonymous>)\n    at callAsyncCircusFn (/home/calderaly/Documents/Project/PaperNest/PaperNest_Server_Express/node_modules/.pnpm/jest-circus@30.3.0/node_modules/jest-circus/build/jestAdapterInit.js:1497:10)\n    at _callCircusHook (/home/calderaly/Documents/Project/PaperNest/PaperNest_Server_Express/node_modules/.pnpm/jest-circus@30.3.0/node_modules/jest-circus/build/jestAdapterInit.js:976:40)\n    at processTicksAndRejections (node:internal/process/task_queues:104:5)\n    at _runTestsForDescribeBlock (/home/calderaly/Documents/Project/PaperNest/PaperNest_Server_Express/node_modules/.pnpm/jest-circus@30.3.0/node_modules/jest-circus/build/jestAdapterInit.js:800:7)\n    at run (/home/calderaly/Documents/Project/PaperNest/PaperNest_Server_Express/node_modules/.pnpm/jest-circus@30.3.0/node_modules/jest-circus/build/jestAdapterInit.js:761:3)\n    at runAndTransformResultsToJestFormat (/home/calderaly/Documents/Project/PaperNest/PaperNest_Server_Express/node_modules/.pnpm/jest-circus@30.3.0/node_modules/jest-circus/build/jestAdapterInit.js:1918:21)\n    at jestAdapter (/home/calderaly/Documents/Project/PaperNest/PaperNest_Server_Express/node_modules/.pnpm/jest-circus@30.3.0/node_modules/jest-circus/build/runner.js:101:19)\n    at runTestInternal (/home/calderaly/Documents/Project/PaperNest/PaperNest_Server_Express/node_modules/.pnpm/jest-runner@30.3.0/node_modules/jest-runner/build/testWorker.js:275:16)\n    at runTest (/home/calderaly/Documents/Project/PaperNest/PaperNest_Server_Express/node_modules/.pnpm/jest-runner@30.3.0/node_modules/jest-runner/build/testWorker.js:343:7)\n    at Object.worker (/home/calderaly/Documents/Project/PaperNest/PaperNest_Server_Express/node_modules/.pnpm/jest-runner@30.3.0/node_modules/jest-runner/build/testWorker.js:497:12)"],"fullName":"DocumentController getUserDocuments should get all documents for a user across workspaces","invocations":1,"location":null,"numPassingAsserts":0,"retryReasons":[],"startAt":1779078283522,"status":"failed","title":"should get all documents for a user across workspaces"}],"endTime":1779078283536,"message":"  ● DocumentController › createDocument › should create a document with initial version successfully\n\n    LIVEBLOCKS_SECRET_KEY not configured\n\n      10 |\n      11 | \t\tif (!this.apiSecret) {\n    > 12 | \t\t\tthrow new Error(\"LIVEBLOCKS_SECRET_KEY not configured\");\n         | \t\t\t      ^\n      13 | \t\t}\n      14 | \t}\n      15 |\n\n      at new LiveblocksWebhookService (src/services/liveblocksWebhookService.ts:12:10)\n      at Object.<anonymous> (src/services/liveblocksWebhookService.ts:90:16)\n      at Object.<anonymous> (src/controllers/documentController.ts:6:1)\n      at Object.<anonymous> (src/__tests__/controllers/documentController.test.ts:39:23)\n\n  ● DocumentController › getWorkspaceDocuments › should get all documents in workspace\n\n    LIVEBLOCKS_SECRET_KEY not configured\n\n      10 |\n      11 | \t\tif (!this.apiSecret) {\n    > 12 | \t\t\tthrow new Error(\"LIVEBLOCKS_SECRET_KEY not configured\");\n         | \t\t\t      ^\n      13 | \t\t}\n      14 | \t}\n      15 |\n\n      at new LiveblocksWebhookService (src/services/liveblocksWebhookService.ts:12:10)\n      at Object.<anonymous> (src/services/liveblocksWebhookService.ts:90:16)\n      at Object.<anonymous> (src/controllers/documentController.ts:6:1)\n      at Object.<anonymous> (src/__tests__/controllers/documentController.test.ts:39:23)\n\n  ● DocumentController › getDocumentById › should get document with current version\n\n    LIVEBLOCKS_SECRET_KEY not configured\n\n      10 |\n      11 | \t\tif (!this.apiSecret) {\n    > 12 | \t\t\tthrow new Error(\"LIVEBLOCKS_SECRET_KEY not configured\");\n         | \t\t\t      ^\n      13 | \t\t}\n      14 | \t}\n      15 |\n\n      at new LiveblocksWebhookService (src/services/liveblocksWebhookService.ts:12:10)\n      at Object.<anonymous> (src/services/liveblocksWebhookService.ts:90:16)\n      at Object.<anonymous> (src/controllers/documentController.ts:6:1)\n      at Object.<anonymous> (src/__tests__/controllers/documentController.test.ts:39:23)\n\n  ● DocumentController › getDocumentById › should throw NotFoundError when document does not exist\n\n    LIVEBLOCKS_SECRET_KEY not configured\n\n      10 |\n      11 | \t\tif (!this.apiSecret) {\n    > 12 | \t\t\tthrow new Error(\"LIVEBLOCKS_SECRET_KEY not configured\");\n         | \t\t\t      ^\n      13 | \t\t}\n      14 | \t}\n      15 |\n\n      at new LiveblocksWebhookService (src/services/liveblocksWebhookService.ts:12:10)\n      at Object.<anonymous> (src/services/liveblocksWebhookService.ts:90:16)\n      at Object.<anonymous> (src/controllers/documentController.ts:6:1)\n      at Object.<anonymous> (src/__tests__/controllers/documentController.test.ts:39:23)\n\n  ● DocumentController › updateDocument › should update document title successfully\n\n    LIVEBLOCKS_SECRET_KEY not configured\n\n      10 |\n      11 | \t\tif (!this.apiSecret) {\n    > 12 | \t\t\tthrow new Error(\"LIVEBLOCKS_SECRET_KEY not configured\");\n         | \t\t\t      ^\n      13 | \t\t}\n      14 | \t}\n      15 |\n\n      at new LiveblocksWebhookService (src/services/liveblocksWebhookService.ts:12:10)\n      at Object.<anonymous> (src/services/liveblocksWebhookService.ts:90:16)\n      at Object.<anonymous> (src/controllers/documentController.ts:6:1)\n      at Object.<anonymous> (src/__tests__/controllers/documentController.test.ts:39:23)\n\n  ● DocumentController › updateDocumentContent › should create new version when updating content\n\n    LIVEBLOCKS_SECRET_KEY not configured\n\n      10 |\n      11 | \t\tif (!this.apiSecret) {\n    > 12 | \t\t\tthrow new Error(\"LIVEBLOCKS_SECRET_KEY not configured\");\n         | \t\t\t      ^\n      13 | \t\t}\n      14 | \t}\n      15 |\n\n      at new LiveblocksWebhookService (src/services/liveblocksWebhookService.ts:12:10)\n      at Object.<anonymous> (src/services/liveblocksWebhookService.ts:90:16)\n      at Object.<anonymous> (src/controllers/documentController.ts:6:1)\n      at Object.<anonymous> (src/__tests__/controllers/documentController.test.ts:39:23)\n\n  ● DocumentController › deleteDocument › should delete document successfully\n\n    LIVEBLOCKS_SECRET_KEY not configured\n\n      10 |\n      11 | \t\tif (!this.apiSecret) {\n    > 12 | \t\t\tthrow new Error(\"LIVEBLOCKS_SECRET_KEY not configured\");\n         | \t\t\t      ^\n      13 | \t\t}\n      14 | \t}\n      15 |\n\n      at new LiveblocksWebhookService (src/services/liveblocksWebhookService.ts:12:10)\n      at Object.<anonymous> (src/services/liveblocksWebhookService.ts:90:16)\n      at Object.<anonymous> (src/controllers/documentController.ts:6:1)\n      at Object.<anonymous> (src/__tests__/controllers/documentController.test.ts:39:23)\n\n  ● DocumentController › searchDocuments › should search documents by title\n\n    LIVEBLOCKS_SECRET_KEY not configured\n\n      10 |\n      11 | \t\tif (!this.apiSecret) {\n    > 12 | \t\t\tthrow new Error(\"LIVEBLOCKS_SECRET_KEY not configured\");\n         | \t\t\t      ^\n      13 | \t\t}\n      14 | \t}\n      15 |\n\n      at new LiveblocksWebhookService (src/services/liveblocksWebhookService.ts:12:10)\n      at Object.<anonymous> (src/services/liveblocksWebhookService.ts:90:16)\n      at Object.<anonymous> (src/controllers/documentController.ts:6:1)\n      at Object.<anonymous> (src/__tests__/controllers/documentController.test.ts:39:23)\n\n  ● DocumentController › getUserDocuments › should get all documents for a user across workspaces\n\n    LIVEBLOCKS_SECRET_KEY not configured\n\n      10 |\n      11 | \t\tif (!this.apiSecret) {\n    > 12 | \t\t\tthrow new Error(\"LIVEBLOCKS_SECRET_KEY not configured\");\n         | \t\t\t      ^\n      13 | \t\t}\n      14 | \t}\n      15 |\n\n      at new LiveblocksWebhookService (src/services/liveblocksWebhookService.ts:12:10)\n      at Object.<anonymous> (src/services/liveblocksWebhookService.ts:90:16)\n      at Object.<anonymous> (src/controllers/documentController.ts:6:1)\n      at Object.<anonymous> (src/__tests__/controllers/documentController.test.ts:39:23)\n","name":"/home/calderaly/Documents/Project/PaperNest/PaperNest_Server_Express/src/__tests__/controllers/documentController.test.ts","startTime":1779078275458,"status":"failed","summary":""},{"assertionResults":[],"coverage":{},"endTime":1779078283673,"message":"  ● Test suite failed to run\n\n    Service account object must contain a string \"project_id\" property.\n\n       7 | \t\ttry {\n       8 | \t\t\tadmin.initializeApp({\n    >  9 | \t\t\t\tcredential: admin.credential.cert({\n         | \t\t\t\t                             ^\n      10 | \t\t\t\t\tprojectId: env.FIREBASE_PROJECT_ID,\n      11 | \t\t\t\t\tprivateKey: env.FIREBASE_PRIVATE_KEY,\n      12 | \t\t\t\t\tclientEmail: env.FIREBASE_CLIENT_EMAIL,\n\n      at new ServiceAccount (node_modules/.pnpm/firebase-admin@13.8.0/node_modules/firebase-admin/lib/app/credential-internal.js:174:19)\n      at new ServiceAccountCredential (node_modules/.pnpm/firebase-admin@13.8.0/node_modules/firebase-admin/lib/app/credential-internal.js:118:15)\n      at Object.cert (node_modules/.pnpm/firebase-admin@13.8.0/node_modules/firebase-admin/lib/app/credential-factory.js:105:54)\n      at initializeFirebase (src/config/firebase.ts:9:34)\n      at Object.<anonymous> (src/config/firebase.ts:27:30)\n      at Object.<anonymous> (src/repositories/commentRepository.ts:2:1)\n      at Object.<anonymous> (src/middlewares/authorization.ts:2:1)\n      at Object.<anonymous> (src/__tests__/middlewares/authorization.test.ts:3:1)\n","name":"/home/calderaly/Documents/Project/PaperNest/PaperNest_Server_Express/src/__tests__/middlewares/authorization.test.ts","startTime":1779078283673,"status":"failed","summary":""}],"wasInterrupted":false}
